# JRE version: OpenJDK Runtime Environment Temurin-17.0.8.1+1 (17.0.8.1+1) (build 17.0.8.1+1)
# Java VM: OpenJDK 64-Bit Server VM Temurin-17.0.8.1+1 (17.0.8.1+1, mixed mode, emulated-client, tiered, compressed oops, compressed class ptrs, g1 gc, windows-amd64)
GC Precious Log:
 CPUs: 8 total, 8 available
 Memory: 16235M
 Large Page Support: Disabled
 NUMA Support: Disabled
 Compressed Oops: Enabled (Zero based)
 Heap Region Size: 2M
 Heap Min Capacity: 8M
 Heap Initial Capacity: 254M
 Heap Max Capacity: 4060M
 Pre-touch: Disabled
 Parallel Workers: 8
 Concurrent Workers: 2
 Concurrent Refinement Workers: 8
 Periodic GC: Disabled
Heap:
 garbage-first heap   total 69632K, used 49233K [0x0000000702400000, 0x0000000800000000)
  region size 2048K, 18 young (36864K), 2 survivors (4096K)
 Metaspace       used 41981K, committed 42368K, reserved 1114112K
  class space    used 5440K, committed 5632K, reserved 1048576K
GC Heap History (17 events):
Event: 1.219 GC heap before
{Heap before GC invocations=0 (full 0):
 garbage-first heap   total 260096K, used 20480K [0x0000000702400000, 0x0000000800000000)
  region size 2048K, 11 young (22528K), 0 survivors (0K)
 Metaspace       used 15559K, committed 15744K, reserved 1114112K
  class space    used 1649K, committed 1728K, reserved 1048576K
}
Event: 1.226 GC heap after
{Heap after GC invocations=1 (full 0):
 garbage-first heap   total 260096K, used 7100K [0x0000000702400000, 0x0000000800000000)
  region size 2048K, 2 young (4096K), 2 survivors (4096K)
 Metaspace       used 15559K, committed 15744K, reserved 1114112K
  class space    used 1649K, committed 1728K, reserved 1048576K
}
Event: 1.722 GC heap before
{Heap before GC invocations=1 (full 0):
 garbage-first heap   total 260096K, used 25532K [0x0000000702400000, 0x0000000800000000)
  region size 2048K, 11 young (22528K), 2 survivors (4096K)
 Metaspace       used 19421K, committed 19712K, reserved 1114112K
  class space    used 2252K, committed 2432K, reserved 1048576K
}
Event: 1.726 GC heap after
{Heap after GC invocations=2 (full 0):
 garbage-first heap   total 260096K, used 8783K [0x0000000702400000, 0x0000000800000000)
  region size 2048K, 1 young (2048K), 1 survivors (2048K)
 Metaspace       used 19421K, committed 19712K, reserved 1114112K
  class space    used 2252K, committed 2432K, reserved 1048576K
}
Event: 1.816 GC heap before
{Heap before GC invocations=2 (full 0):
 garbage-first heap   total 260096K, used 14927K [0x0000000702400000, 0x0000000800000000)
  region size 2048K, 5 young (10240K), 1 survivors (2048K)
 Metaspace       used 21259K, committed 21504K, reserved 1114112K
  class space    used 2449K, committed 2560K, reserved 1048576K
}
Event: 1.818 GC heap after
{Heap after GC invocations=3 (full 0):
 garbage-first heap   total 260096K, used 8951K [0x0000000702400000, 0x0000000800000000)
  region size 2048K, 1 young (2048K), 1 survivors (2048K)
 Metaspace       used 21259K, committed 21504K, reserved 1114112K
  class space    used 2449K, committed 2560K, reserved 1048576K
}
Event: 2.103 GC heap before
{Heap before GC invocations=4 (full 0):
 garbage-first heap   total 40960K, used 27383K [0x0000000702400000, 0x0000000800000000)
  region size 2048K, 11 young (22528K), 1 survivors (2048K)
 Metaspace       used 25211K, committed 25472K, reserved 1114112K
  class space    used 2957K, committed 3072K, reserved 1048576K
}
Event: 2.109 GC heap after
{Heap after GC invocations=5 (full 0):
 garbage-first heap   total 40960K, used 9980K [0x0000000702400000, 0x0000000800000000)
  region size 2048K, 2 young (4096K), 2 survivors (4096K)
 Metaspace       used 25211K, committed 25472K, reserved 1114112K
  class space    used 2957K, committed 3072K, reserved 1048576K
}
Event: 2.133 GC heap before
{Heap before GC invocations=5 (full 0):
 garbage-first heap   total 40960K, used 12028K [0x0000000702400000, 0x0000000800000000)
  region size 2048K, 3 young (6144K), 2 survivors (4096K)
 Metaspace       used 25679K, committed 25920K, reserved 1114112K
  class space    used 3013K, committed 3136K, reserved 1048576K
}
Event: 2.139 GC heap after
{Heap after GC invocations=6 (full 0):
 garbage-first heap   total 40960K, used 10373K [0x0000000702400000, 0x0000000800000000)
  region size 2048K, 1 young (2048K), 1 survivors (2048K)
 Metaspace       used 25679K, committed 25920K, reserved 1114112K
  class space    used 3013K, committed 3136K, reserved 1048576K
}
Event: 2.413 GC heap before
{Heap before GC invocations=6 (full 0):
 garbage-first heap   total 40960K, used 24709K [0x0000000702400000, 0x0000000800000000)
  region size 2048K, 8 young (16384K), 1 survivors (2048K)
 Metaspace       used 27401K, committed 27712K, reserved 1114112K
  class space    used 3268K, committed 3392K, reserved 1048576K
}
Event: 2.416 GC heap after
{Heap after GC invocations=7 (full 0):
 garbage-first heap   total 40960K, used 11480K [0x0000000702400000, 0x0000000800000000)
  region size 2048K, 1 young (2048K), 1 survivors (2048K)
 Metaspace       used 27401K, committed 27712K, reserved 1114112K
  class space    used 3268K, committed 3392K, reserved 1048576K
}
Event: 2.852 GC heap before
{Heap before GC invocations=7 (full 0):
 garbage-first heap   total 40960K, used 27864K [0x0000000702400000, 0x0000000800000000)
  region size 2048K, 9 young (18432K), 1 survivors (2048K)
 Metaspace       used 29032K, committed 29376K, reserved 1114112K
  class space    used 3511K, committed 3648K, reserved 1048576K
}
Event: 2.859 GC heap after
{Heap after GC invocations=8 (full 0):
 garbage-first heap   total 151552K, used 12451K [0x0000000702400000, 0x0000000800000000)
  region size 2048K, 2 young (4096K), 2 survivors (4096K)
 Metaspace       used 29032K, committed 29376K, reserved 1114112K
  class space    used 3511K, committed 3648K, reserved 1048576K
}
Event: 4.127 GC heap before
{Heap before GC invocations=8 (full 0):
 garbage-first heap   total 151552K, used 53411K [0x0000000702400000, 0x0000000800000000)
  region size 2048K, 23 young (47104K), 2 survivors (4096K)
 Metaspace       used 35727K, committed 36160K, reserved 1114112K
  class space    used 4488K, committed 4736K, reserved 1048576K
}
Event: 4.143 GC heap after
{Heap after GC invocations=9 (full 0):
 garbage-first heap   total 151552K, used 16465K [0x0000000702400000, 0x0000000800000000)
  region size 2048K, 4 young (8192K), 4 survivors (8192K)
 Metaspace       used 35727K, committed 36160K, reserved 1114112K
  class space    used 4488K, committed 4736K, reserved 1048576K
}
Event: 5.212 GC heap before
{Heap before GC invocations=10 (full 0):
 garbage-first heap   total 69632K, used 49233K [0x0000000702400000, 0x0000000800000000)
  region size 2048K, 20 young (40960K), 4 survivors (8192K)
 Metaspace       used 41981K, committed 42368K, reserved 1114112K
  class space    used 5440K, committed 5632K, reserved 1048576K
}

